<?xml version="1.0" encoding="UTF-8"?>
<!-- Generated by org.testng.reporters.JUnitXMLReporter -->
<testsuite hostname="DESKTOP-GHP2PSU" name="Default test" tests="12" failures="0" timestamp="5 Feb 2017 16:17:34 GMT" time="20.629" errors="0">
  <testcase name="testLunch" time="0.027" classname="test.QuickTest"/>
  <testcase name="testPage1" time="2.848" classname="test.QuickTest"/>
  <testcase name="testHome" time="0.718" classname="test.QuickTest"/>
  <testcase name="testSignin" time="2.558" classname="test.QuickTest"/>
  <testcase name="testBookFlight" time="4.795" classname="test.QuickTest"/>
  <testcase name="testSupport" time="0.489" classname="test.QuickTest"/>
  <testcase name="testContact" time="0.511" classname="test.QuickTest"/>
  <testcase name="testHotels" time="0.527" classname="test.QuickTest"/>
  <testcase name="testCarRentals" time="0.501" classname="test.QuickTest"/>
  <testcase name="testCruises" time="2.268" classname="test.QuickTest"/>
  <testcase name="testDestinations" time="0.525" classname="test.QuickTest"/>
  <testcase name="testVacations" time="0.555" classname="test.QuickTest"/>
</testsuite> <!-- Default test -->
