<?xml version="1.0" encoding="UTF-8"?>
<!-- Generated by org.testng.reporters.JUnitXMLReporter -->
<testsuite hostname="DESKTOP-GHP2PSU" name="Command line test" tests="12" failures="0" timestamp="5 Feb 2017 17:35:34 GMT" time="29.976" errors="0">
  <testcase name="testLunch" time="0.04" classname="test.QuickTest"/>
  <testcase name="testPage1" time="5.277" classname="test.QuickTest"/>
  <testcase name="testHome" time="0.963" classname="test.QuickTest"/>
  <testcase name="testSignin" time="3.37" classname="test.QuickTest"/>
  <testcase name="testBookFlight" time="9.139" classname="test.QuickTest"/>
  <testcase name="testSupport" time="0.656" classname="test.QuickTest"/>
  <testcase name="testContact" time="0.662" classname="test.QuickTest"/>
  <testcase name="testHotels" time="0.811" classname="test.QuickTest"/>
  <testcase name="testCarRentals" time="0.609" classname="test.QuickTest"/>
  <testcase name="testCruises" time="1.636" classname="test.QuickTest"/>
  <testcase name="testDestinations" time="0.524" classname="test.QuickTest"/>
  <testcase name="testVacations" time="0.698" classname="test.QuickTest"/>
</testsuite> <!-- Command line test -->
